0 info it worked if it ends with ok
1 verbose cli [ 'C:\\Program Files\\nodejs\\node.exe',
1 verbose cli   'C:\\Program Files\\nodejs\\node_modules\\npm\\bin\\npm-cli.js',
1 verbose cli   'run',
1 verbose cli   'deploy' ]
2 info using npm@3.10.10
3 info using node@v6.11.3
4 verbose run-script [ 'predeploy', 'deploy', 'postdeploy' ]
5 info lifecycle www@0.1.0~predeploy: www@0.1.0
6 silly lifecycle www@0.1.0~predeploy: no script for predeploy, continuing
7 info lifecycle www@0.1.0~deploy: www@0.1.0
8 verbose lifecycle www@0.1.0~deploy: unsafe-perm in lifecycle true
9 verbose lifecycle www@0.1.0~deploy: PATH: C:\Program Files\nodejs\node_modules\npm\bin\node-gyp-bin;C:\project\rolique-fifa18\node_modules\.bin;C:\Python27\;C:\Python27\Scripts;C:\Program Files (x86)\NVIDIA Corporation\PhysX\Common;C:\WINDOWS\system32;C:\WINDOWS;C:\WINDOWS\System32\Wbem;C:\WINDOWS\System32\WindowsPowerShell\v1.0\;C:\Program Files\Git\cmd;C:\Program Files\nodejs\;C:\WINDOWS\System32\OpenSSH\;C:\Ruby24-x64\bin;C:\Users\menti\AppData\Local\Microsoft\WindowsApps;C:\Users\menti\AppData\Roaming\npm;;C:\Program Files\Microsoft VS Code\bin
10 verbose lifecycle www@0.1.0~deploy: CWD: C:\project\rolique-fifa18
11 silly lifecycle www@0.1.0~deploy: Args: [ '/d /s /c',
11 silly lifecycle   'npm run build && surge build fifa-rolique.surge.sh' ]
12 silly lifecycle www@0.1.0~deploy: Returned: code: 1  signal: null
13 info lifecycle www@0.1.0~deploy: Failed to exec deploy script
14 verbose stack Error: www@0.1.0 deploy: `npm run build && surge build fifa-rolique.surge.sh`
14 verbose stack Exit status 1
14 verbose stack     at EventEmitter.<anonymous> (C:\Program Files\nodejs\node_modules\npm\lib\utils\lifecycle.js:255:16)
14 verbose stack     at emitTwo (events.js:106:13)
14 verbose stack     at EventEmitter.emit (events.js:191:7)
14 verbose stack     at ChildProcess.<anonymous> (C:\Program Files\nodejs\node_modules\npm\lib\utils\spawn.js:40:14)
14 verbose stack     at emitTwo (events.js:106:13)
14 verbose stack     at ChildProcess.emit (events.js:191:7)
14 verbose stack     at maybeClose (internal/child_process.js:920:16)
14 verbose stack     at Process.ChildProcess._handle.onexit (internal/child_process.js:230:5)
15 verbose pkgid www@0.1.0
16 verbose cwd C:\project\rolique-fifa18
17 error Windows_NT 10.0.17134
18 error argv "C:\\Program Files\\nodejs\\node.exe" "C:\\Program Files\\nodejs\\node_modules\\npm\\bin\\npm-cli.js" "run" "deploy"
19 error node v6.11.3
20 error npm  v3.10.10
21 error code ELIFECYCLE
22 error www@0.1.0 deploy: `npm run build && surge build fifa-rolique.surge.sh`
22 error Exit status 1
23 error Failed at the www@0.1.0 deploy script 'npm run build && surge build fifa-rolique.surge.sh'.
23 error Make sure you have the latest version of node.js and npm installed.
23 error If you do, this is most likely a problem with the www package,
23 error not with npm itself.
23 error Tell the author that this fails on your system:
23 error     npm run build && surge build fifa-rolique.surge.sh
23 error You can get information on how to open an issue for this project with:
23 error     npm bugs www
23 error Or if that isn't available, you can get their info via:
23 error     npm owner ls www
23 error There is likely additional logging output above.
24 verbose exit [ 1, true ]
